<?xml version="1.0" encoding="UTF-8"?>
<!-- Generated by org.testng.reporters.JUnitReportReporter -->
<testsuite skipped="0" hostname="Gajalakshmis-MacBook-Pro.local" name="runner.TestNgRunner" tests="4" failures="0" timestamp="15 Oct 2017 04:57:23 GMT" time="112.364" errors="3">
  <testcase name="runFeature" time="27.018" classname="runner.TestNgRunner">
    <error type="java.lang.RuntimeException" message="FAILED">
      <![CDATA[java.lang.RuntimeException: FAILED
	at utils.Reporter.reportStep(Reporter.java:34)
	at wrappers.GenericWrappers.clickByName(GenericWrappers.java:368)
	at pages.CreateLead.clickCreateLead(CreateLead.java:26)
	at ✽.Click Create Lead Button(src/main/java/features/CreateLead.feature:12)
]]>
    </error>
  </testcase> <!-- runFeature -->
  <testcase name="runFeature" time="26.217" classname="runner.TestNgRunner"/>
  <testcase name="runFeature" time="28.934" classname="runner.TestNgRunner">
    <error type="java.lang.RuntimeException" message="FAILED">
      <![CDATA[java.lang.RuntimeException: FAILED
	at utils.Reporter.reportStep(Reporter.java:34)
	at wrappers.GenericWrappers.clickByName(GenericWrappers.java:368)
	at pages.CreateLead.clickCreateLead(CreateLead.java:26)
	at ✽.Click Create Lead Button(src/main/java/features/CreateLead.feature:30)
]]>
    </error>
  </testcase> <!-- runFeature -->
  <testcase name="runFeature" time="30.195" classname="runner.TestNgRunner">
    <error type="java.lang.RuntimeException" message="FAILED">
      <![CDATA[java.lang.RuntimeException: FAILED
	at utils.Reporter.reportStep(Reporter.java:34)
	at wrappers.GenericWrappers.clickByName(GenericWrappers.java:368)
	at pages.CreateLead.clickCreateLead(CreateLead.java:26)
	at ✽.Click Create Lead Button(src/main/java/features/CreateLead.feature:30)
]]>
    </error>
  </testcase> <!-- runFeature -->
</testsuite> <!-- runner.TestNgRunner -->
